<?xml version="1.0" encoding="UTF-8"?>
<!-- Generated by org.testng.reporters.JUnitXMLReporter -->
<testsuite ignored="0" hostname="AKSHAY" failures="0" tests="4" name="All Tests" time="97.223" errors="0" timestamp="2026-04-25T12:13:21 IST">
  <testcase classname="tests.LoginTest" name="verifyLogin" time="14.48"/>
  <testcase classname="tests.SearchTest" name="verifySearch" time="0.031"/>
  <testcase classname="tests.BookingTest" name="verifyBooking" time="0.342"/>
  <testcase classname="tests.SeatAvailabilityTest" name="verifySeat" time="0.282"/>
</testsuite> <!-- All Tests -->
