<?xml version="1.0" encoding="UTF-8"?>
<!-- Generated by org.testng.reporters.JUnitXMLReporter -->
<testsuite ignored="0" hostname="AKSHAY" failures="0" tests="5" name="All Tests" time="135.698" errors="0" timestamp="2026-04-25T13:16:42 IST">
  <testcase classname="tests.LoginTest" name="verifyLogin" time="20.155"/>
  <testcase classname="tests.SearchTest" name="verifySearch" time="0.096"/>
  <testcase classname="tests.BookingTest" name="verifyPassengerBooking" time="1.915"/>
  <testcase classname="tests.SeatAvailabilityTest" name="verifySeat" time="0.089"/>
  <testcase classname="tests.PassengerDetailsTest" name="verifyPassengerDetails" time="0.228"/>
</testsuite> <!-- All Tests -->
